Arguments: 
  /usr/local/bin/node /opt/homebrew/bin/yarn

PATH: 
  /usr/local/bin:/usr/bin:/bin:/usr/sbin:/sbin:/opt/homebrew/bin:/opt/homebrew/sbin:/Users/carl/.cargo/bin:/Applications/Visual Studio Code.app/Contents/Resources/app/bin:/Applications/Visual Studio Code.app/Contents/Resources/app/bin:/Applications/Visual Studio Code.app/Contents/Resources/app/bin

Yarn version: 
  1.22.15

Node version: 
  16.18.1

Platform: 
  darwin arm64

Trace: 
  SyntaxError: /Users/carl/github/simple-implementation/package.json: Unexpected token } in JSON at position 345
      at JSON.parse (<anonymous>)
      at /opt/homebrew/lib/node_modules/yarn/lib/cli.js:1625:59
      at Generator.next (<anonymous>)
      at step (/opt/homebrew/lib/node_modules/yarn/lib/cli.js:310:30)
      at /opt/homebrew/lib/node_modules/yarn/lib/cli.js:321:13

npm manifest: 
  {
    "name": "simple-implementation",
    "version": "1.0.0",
    "description": "",
    "main": "index.js",
    "scripts": {
      "test": "echo \"Error: no test specified\" && exit 1"
    },
    "repository": {
      "type": "git",
      "url": "git+https://github.com/ls365882248/simple-implementation.git"
    },
    "dependencies": {
      "typescript": "4.8.4",
    },
    "author": "",
    "license": "ISC",
    "bugs": {
      "url": "https://github.com/ls365882248/simple-implementation/issues"
    },
    "homepage": "https://github.com/ls365882248/simple-implementation#readme"
  }

yarn manifest: 
  No manifest

Lockfile: 
  No lockfile
